
'REQUEST_URI'
'REQUEST_URI'
'REQUEST_URI'
/Training/Courses/Php2/day1/lab2/pages/about.php
/Training/Courses/Php2/day1/lab2/pages/info.php
/Training/Courses/Php2/day1/lab2/pages/about.php
https://php-training-asuradeus.c9users.io/Training/Courses/Php2/day1/lab2/index.php
/Training/Courses/Php2/day1/lab2/pages/about.php
https://php-training-asuradeus.c9users.io/Training/Courses/Php2/day1/lab2/index.php
/Training/Courses/Php2/day1/lab2/pages/info.php
https://php-training-asuradeus.c9users.io/Training/Courses/Php2/day1/lab2/index.php
/Training/Courses/Php2/day1/lab2/pages/about.php
https://php-training-asuradeus.c9users.io/Training/Courses/Php2/day1/lab2/index.php
/Training/Courses/Php2/day1/lab2/pages/about.php
https://php-training-asuradeus.c9users.io/Training/Courses/Php2/day1/lab2/index.php

/Training/Courses/Php2/day1/lab2/pages/info.php
https://php-training-asuradeus.c9users.io/Training/Courses/Php2/day1/lab2/index.php

/Training/Courses/Php2/day1/lab2/pages/info.php
https://php-training-asuradeus.c9users.io/Training/Courses/Php2/day1/lab2/index.php

/Training/Courses/Php2/day1/lab2/pages/about.php
https://php-training-asuradeus.c9users.io/Training/Courses/Php2/day1/lab2/index.php

/Training/Courses/Php2/day1/lab2/pages/about.php
https://php-training-asuradeus.c9users.io/Training/Courses/Php2/day1/lab2/index.php
1501938425
/Training/Courses/Php2/day1/lab2/pages/info.php
https://php-training-asuradeus.c9users.io/Training/Courses/Php2/day1/lab2/index.php
1501938443
/Training/Courses/Php2/day1/lab2/pages/about.php
https://php-training-asuradeus.c9users.io/Training/Courses/Php2/day1/lab2/index.php
1501938524
/Training/Courses/Php2/day1/lab2/pages/about.php
https://php-training-asuradeus.c9users.io/Training/Courses/Php2/day1/lab2/index.php
1501938564
/Training/Courses/Php2/day1/lab2/pages/info.php
https://php-training-asuradeus.c9users.io/Training/Courses/Php2/day1/lab2/index.php
1501938578
/Training/Courses/Php2/day1/lab2/pages/about.php
https://php-training-asuradeus.c9users.io/Training/Courses/Php2/day1/lab2/index.php
1501938584
/Training/Courses/Php2/day1/lab2/pages/info.php
https://php-training-asuradeus.c9users.io/Training/Courses/Php2/day1/lab2/index.php
1501938587
/Training/Courses/Php2/day1/lab2/pages/about.php
https://php-training-asuradeus.c9users.io/Training/Courses/Php2/day1/lab2/index.php
1501938590
/Training/Courses/Php2/day1/lab2/pages/info.php
https://php-training-asuradeus.c9users.io/Training/Courses/Php2/day1/lab2/index.php
1501938641
/Training/Courses/Php2/day1/lab2/pages/about.php
https://php-training-asuradeus.c9users.io/Training/Courses/Php2/day1/lab2/index.php
1501938668
/Training/Courses/Php2/day1/lab2/pages/info.php
https://php-training-asuradeus.c9users.io/Training/Courses/Php2/day1/lab2/index.php
1501938673
/Training/Courses/Php2/day1/lab2/pages/about.php
https://php-training-asuradeus.c9users.io/Training/Courses/Php2/day1/lab2/index.php
1501938726
/Training/Courses/Php2/day1/lab2/pages/about.php
https://php-training-asuradeus.c9users.io/Training/Courses/Php2/day1/lab2/index.php
1501938776
/Training/Courses/Php2/day1/lab2/pages/info.php
https://php-training-asuradeus.c9users.io/Training/Courses/Php2/day1/lab2/index.php
1501938829
/Training/Courses/Php2/day1/lab2/pages/about.php
https://php-training-asuradeus.c9users.io/Training/Courses/Php2/day1/lab2/index.php
1501938833
/Training/Courses/Php2/day1/lab2/pages/about.php<br />
https://php-training-asuradeus.c9users.io/Training/Courses/Php2/day1/lab2/index.php<br />
1501939181<br />